[debug] [2023-05-14T15:06:21.931Z] ----------------------------------------------------------------------
[debug] [2023-05-14T15:06:21.933Z] Command:       C:\Program Files\nodejs\node.exe C:\Users\administrator\AppData\Roaming\npm\node_modules\firebase-tools\lib\bin\firebase.js init
[debug] [2023-05-14T15:06:21.933Z] CLI Version:   12.0.0
[debug] [2023-05-14T15:06:21.934Z] Platform:      win32
[debug] [2023-05-14T15:06:21.934Z] Node Version:  v18.15.0
[debug] [2023-05-14T15:06:21.935Z] Time:          Sun May 14 2023 12:06:21 GMT-0300 (hora estándar de Argentina)
[debug] [2023-05-14T15:06:21.935Z] ----------------------------------------------------------------------
[debug] 
[debug] [2023-05-14T15:06:22.022Z] > command requires scopes: ["email","openid","https://www.googleapis.com/auth/cloudplatformprojects.readonly","https://www.googleapis.com/auth/firebase","https://www.googleapis.com/auth/cloud-platform"]
[debug] [2023-05-14T15:06:22.022Z] > authorizing via signed-in user (alejandrodibattista@gmail.com)
[info] 
     ######## #### ########  ######## ########     ###     ######  ########
     ##        ##  ##     ## ##       ##     ##  ##   ##  ##       ##
     ######    ##  ########  ######   ########  #########  ######  ######
     ##        ##  ##    ##  ##       ##     ## ##     ##       ## ##
     ##       #### ##     ## ######## ########  ##     ##  ######  ########

You're about to initialize a Firebase project in this directory:

  C:\Users\administrator\Documents\GitHub\timbreo-flutter

Before we get started, keep in mind:

  * You are initializing within an existing Firebase project directory

[info] 
=== Project Setup
[info] 
[info] First, let's associate this project directory with a Firebase project.
[info] You can create multiple project aliases by running firebase use --add, 
[info] but for now we'll just set up a default project.
[info] 
[debug] [2023-05-14T15:06:31.766Z] Using project from CLI flag: myflutter-adibattista
[debug] [2023-05-14T15:06:31.768Z] > refreshing access token with scopes: []
[debug] [2023-05-14T15:06:31.770Z] >>> [apiv2][query] POST https://www.googleapis.com/oauth2/v3/token [none]
[debug] [2023-05-14T15:06:31.770Z] >>> [apiv2][body] POST https://www.googleapis.com/oauth2/v3/token [omitted]
[debug] [2023-05-14T15:06:32.010Z] <<< [apiv2][status] POST https://www.googleapis.com/oauth2/v3/token 400
[debug] [2023-05-14T15:06:32.011Z] <<< [apiv2][body] POST https://www.googleapis.com/oauth2/v3/token [omitted]
[debug] [2023-05-14T15:06:32.011Z] >>> [apiv2][query] GET https://firebase.googleapis.com/v1beta1/projects/myflutter-adibattista [none]
[debug] [2023-05-14T15:06:32.163Z] <<< [apiv2][status] GET https://firebase.googleapis.com/v1beta1/projects/myflutter-adibattista 401
[debug] [2023-05-14T15:06:32.164Z] <<< [apiv2][body] GET https://firebase.googleapis.com/v1beta1/projects/myflutter-adibattista {"error":{"code":401,"message":"Request had invalid authentication credentials. Expected OAuth 2 access token, login cookie or other valid authentication credential. See https://developers.google.com/identity/sign-in/web/devconsole-project.","status":"UNAUTHENTICATED"}}
[debug] [2023-05-14T15:06:32.164Z] HTTP Error: 401, Request had invalid authentication credentials. Expected OAuth 2 access token, login cookie or other valid authentication credential. See https://developers.google.com/identity/sign-in/web/devconsole-project.
[debug] [2023-05-14T15:06:32.284Z] FirebaseError: HTTP Error: 401, Request had invalid authentication credentials. Expected OAuth 2 access token, login cookie or other valid authentication credential. See https://developers.google.com/identity/sign-in/web/devconsole-project.
    at responseToError (C:\Users\administrator\AppData\Roaming\npm\node_modules\firebase-tools\lib\responseToError.js:49:12)
    at RetryOperation._fn (C:\Users\administrator\AppData\Roaming\npm\node_modules\firebase-tools\lib\apiv2.js:288:77)
    at process.processTicksAndRejections (node:internal/process/task_queues:95:5)
[error] 
[error] Error: Failed to get Firebase project myflutter-adibattista. Please make sure the project exists and your account has permission to access it.
[debug] [2023-05-14T15:06:50.406Z] ----------------------------------------------------------------------
[debug] [2023-05-14T15:06:50.408Z] Command:       C:\Program Files\nodejs\node.exe C:\Users\administrator\AppData\Roaming\npm\node_modules\firebase-tools\lib\bin\firebase.js init
[debug] [2023-05-14T15:06:50.409Z] CLI Version:   12.0.0
[debug] [2023-05-14T15:06:50.409Z] Platform:      win32
[debug] [2023-05-14T15:06:50.409Z] Node Version:  v18.15.0
[debug] [2023-05-14T15:06:50.410Z] Time:          Sun May 14 2023 12:06:50 GMT-0300 (hora estándar de Argentina)
[debug] [2023-05-14T15:06:50.410Z] ----------------------------------------------------------------------
[debug] 
[debug] [2023-05-14T15:06:50.498Z] > command requires scopes: ["email","openid","https://www.googleapis.com/auth/cloudplatformprojects.readonly","https://www.googleapis.com/auth/firebase","https://www.googleapis.com/auth/cloud-platform"]
[debug] [2023-05-14T15:06:50.499Z] > authorizing via signed-in user (alejandrodibattista@gmail.com)
[info] 
     ######## #### ########  ######## ########     ###     ######  ########
     ##        ##  ##     ## ##       ##     ##  ##   ##  ##       ##
     ######    ##  ########  ######   ########  #########  ######  ######
     ##        ##  ##    ##  ##       ##     ## ##     ##       ## ##
     ##       #### ##     ## ######## ########  ##     ##  ######  ########

You're about to initialize a Firebase project in this directory:

  C:\Users\administrator\Documents\GitHub\timbreo-flutter

Before we get started, keep in mind:

  * You are initializing within an existing Firebase project directory

[info] 
=== Project Setup
[info] 
[info] First, let's associate this project directory with a Firebase project.
[info] You can create multiple project aliases by running firebase use --add, 
[info] but for now we'll just set up a default project.
[info] 
[debug] [2023-05-14T15:06:55.968Z] Using project from CLI flag: myflutter-adibattista
[debug] [2023-05-14T15:06:55.970Z] > refreshing access token with scopes: []
[debug] [2023-05-14T15:06:55.973Z] >>> [apiv2][query] POST https://www.googleapis.com/oauth2/v3/token [none]
[debug] [2023-05-14T15:06:55.973Z] >>> [apiv2][body] POST https://www.googleapis.com/oauth2/v3/token [omitted]
[debug] [2023-05-14T15:06:56.193Z] <<< [apiv2][status] POST https://www.googleapis.com/oauth2/v3/token 400
[debug] [2023-05-14T15:06:56.193Z] <<< [apiv2][body] POST https://www.googleapis.com/oauth2/v3/token [omitted]
[debug] [2023-05-14T15:06:56.194Z] >>> [apiv2][query] GET https://firebase.googleapis.com/v1beta1/projects/myflutter-adibattista [none]
[debug] [2023-05-14T15:06:56.355Z] <<< [apiv2][status] GET https://firebase.googleapis.com/v1beta1/projects/myflutter-adibattista 401
[debug] [2023-05-14T15:06:56.355Z] <<< [apiv2][body] GET https://firebase.googleapis.com/v1beta1/projects/myflutter-adibattista {"error":{"code":401,"message":"Request had invalid authentication credentials. Expected OAuth 2 access token, login cookie or other valid authentication credential. See https://developers.google.com/identity/sign-in/web/devconsole-project.","status":"UNAUTHENTICATED"}}
[debug] [2023-05-14T15:06:56.356Z] HTTP Error: 401, Request had invalid authentication credentials. Expected OAuth 2 access token, login cookie or other valid authentication credential. See https://developers.google.com/identity/sign-in/web/devconsole-project.
[debug] [2023-05-14T15:06:56.475Z] FirebaseError: HTTP Error: 401, Request had invalid authentication credentials. Expected OAuth 2 access token, login cookie or other valid authentication credential. See https://developers.google.com/identity/sign-in/web/devconsole-project.
    at responseToError (C:\Users\administrator\AppData\Roaming\npm\node_modules\firebase-tools\lib\responseToError.js:49:12)
    at RetryOperation._fn (C:\Users\administrator\AppData\Roaming\npm\node_modules\firebase-tools\lib\apiv2.js:288:77)
    at process.processTicksAndRejections (node:internal/process/task_queues:95:5)
[error] 
[error] Error: Failed to get Firebase project myflutter-adibattista. Please make sure the project exists and your account has permission to access it.
[debug] [2023-05-14T15:07:16.139Z] ----------------------------------------------------------------------
[debug] [2023-05-14T15:07:16.141Z] Command:       C:\Program Files\nodejs\node.exe C:\Users\administrator\AppData\Roaming\npm\node_modules\firebase-tools\lib\bin\firebase.js init
[debug] [2023-05-14T15:07:16.142Z] CLI Version:   12.0.0
[debug] [2023-05-14T15:07:16.142Z] Platform:      win32
[debug] [2023-05-14T15:07:16.142Z] Node Version:  v18.15.0
[debug] [2023-05-14T15:07:16.143Z] Time:          Sun May 14 2023 12:07:16 GMT-0300 (hora estándar de Argentina)
[debug] [2023-05-14T15:07:16.143Z] ----------------------------------------------------------------------
[debug] 
[debug] [2023-05-14T15:07:16.230Z] > command requires scopes: ["email","openid","https://www.googleapis.com/auth/cloudplatformprojects.readonly","https://www.googleapis.com/auth/firebase","https://www.googleapis.com/auth/cloud-platform"]
[debug] [2023-05-14T15:07:16.231Z] > authorizing via signed-in user (alejandrodibattista@gmail.com)
[info] 
     ######## #### ########  ######## ########     ###     ######  ########
     ##        ##  ##     ## ##       ##     ##  ##   ##  ##       ##
     ######    ##  ########  ######   ########  #########  ######  ######
     ##        ##  ##    ##  ##       ##     ## ##     ##       ## ##
     ##       #### ##     ## ######## ########  ##     ##  ######  ########

You're about to initialize a Firebase project in this directory:

  C:\Users\administrator\Documents\GitHub\timbreo-flutter

Before we get started, keep in mind:

  * You are initializing within an existing Firebase project directory

[info] 
=== Project Setup
[info] 
[info] First, let's associate this project directory with a Firebase project.
[info] You can create multiple project aliases by running firebase use --add, 
[info] but for now we'll just set up a default project.
[info] 
[debug] [2023-05-14T15:07:19.896Z] Using project from CLI flag: myflutter-adibattista
[debug] [2023-05-14T15:07:19.898Z] > refreshing access token with scopes: []
[debug] [2023-05-14T15:07:19.900Z] >>> [apiv2][query] POST https://www.googleapis.com/oauth2/v3/token [none]
[debug] [2023-05-14T15:07:19.900Z] >>> [apiv2][body] POST https://www.googleapis.com/oauth2/v3/token [omitted]
[debug] [2023-05-14T15:07:20.105Z] <<< [apiv2][status] POST https://www.googleapis.com/oauth2/v3/token 400
[debug] [2023-05-14T15:07:20.106Z] <<< [apiv2][body] POST https://www.googleapis.com/oauth2/v3/token [omitted]
[debug] [2023-05-14T15:07:20.106Z] >>> [apiv2][query] GET https://firebase.googleapis.com/v1beta1/projects/myflutter-adibattista [none]
[debug] [2023-05-14T15:07:20.237Z] <<< [apiv2][status] GET https://firebase.googleapis.com/v1beta1/projects/myflutter-adibattista 401
[debug] [2023-05-14T15:07:20.238Z] <<< [apiv2][body] GET https://firebase.googleapis.com/v1beta1/projects/myflutter-adibattista {"error":{"code":401,"message":"Request had invalid authentication credentials. Expected OAuth 2 access token, login cookie or other valid authentication credential. See https://developers.google.com/identity/sign-in/web/devconsole-project.","status":"UNAUTHENTICATED"}}
[debug] [2023-05-14T15:07:20.238Z] HTTP Error: 401, Request had invalid authentication credentials. Expected OAuth 2 access token, login cookie or other valid authentication credential. See https://developers.google.com/identity/sign-in/web/devconsole-project.
[debug] [2023-05-14T15:07:20.366Z] FirebaseError: HTTP Error: 401, Request had invalid authentication credentials. Expected OAuth 2 access token, login cookie or other valid authentication credential. See https://developers.google.com/identity/sign-in/web/devconsole-project.
    at responseToError (C:\Users\administrator\AppData\Roaming\npm\node_modules\firebase-tools\lib\responseToError.js:49:12)
    at RetryOperation._fn (C:\Users\administrator\AppData\Roaming\npm\node_modules\firebase-tools\lib\apiv2.js:288:77)
    at process.processTicksAndRejections (node:internal/process/task_queues:95:5)
[error] 
[error] Error: Failed to get Firebase project myflutter-adibattista. Please make sure the project exists and your account has permission to access it.
